<?xml version="1.0" encoding="UTF-8"?>
<!-- Generated by org.testng.reporters.JUnitReportReporter -->
<testsuite hostname="DESKTOP-OS9HIGU" name="assignment.java.Webpagescreenshot" tests="1" failures="0" timestamp="17 Jul 2020 12:47:42 GMT" time="19.812" errors="0">
  <testcase name="Webelementscreenshot" time="19.812" classname="assignment.java.Webpagescreenshot"/>
</testsuite> <!-- assignment.java.Webpagescreenshot -->
