<?xml version="1.0" encoding="UTF-8"?>
<!-- Generated by org.testng.reporters.JUnitReportReporter -->
<testsuite hostname="DESKTOP-OS9HIGU" name="assignment.java.Webpagescreenshot2" tests="1" failures="0" timestamp="25 Jun 2020 12:19:55 GMT" time="151.444" errors="0">
  <testcase name="Webelementscreenshot" time="151.444" classname="assignment.java.Webpagescreenshot2"/>
</testsuite> <!-- assignment.java.Webpagescreenshot2 -->
